# JRE version: Java(TM) SE Runtime Environment (18.0.2.1+1) (build 18.0.2.1+1-1)
# Java VM: Java HotSpot(TM) 64-Bit Server VM (18.0.2.1+1-1, mixed mode, emulated-client, sharing, tiered, compressed oops, compressed class ptrs, g1 gc, windows-amd64)
GC Precious Log:
 CardTable entry size: 512
 Card Set container configuration: InlinePtr #cards 5 size 8 Array Of Cards #cards 12 size 40 Howl #buckets 4 coarsen threshold 1843 Howl Bitmap #cards 512 size 80 coarsen threshold 460 Card regions per heap region 1 cards per card region 2048
 CPUs: 8 total, 8 available
 Memory: 7834M
 Large Page Support: Disabled
 NUMA Support: Disabled
 Compressed Oops: Enabled (32-bit)
 Heap Region Size: 1M
 Heap Min Capacity: 8M
 Heap Initial Capacity: 124M
 Heap Max Capacity: 1960M
 Pre-touch: Disabled
 Parallel Workers: 8
 Concurrent Workers: 2
 Concurrent Refinement Workers: 8
 Periodic GC: Disabled
Heap:
 garbage-first heap   total 69632K, used 47157K [0x0000000085800000, 0x0000000100000000)
  region size 1024K, 17 young (17408K), 1 survivors (1024K)
 Metaspace       used 64289K, committed 64704K, reserved 1114112K
  class space    used 8352K, committed 8576K, reserved 1048576K
GC Heap History (20 events):
Event: 3.490 GC heap before
{Heap before GC invocations=7 (full 0):
 garbage-first heap   total 57344K, used 40058K [0x0000000085800000, 0x0000000100000000)
  region size 1024K, 25 young (25600K), 3 survivors (3072K)
 Metaspace       used 33424K, committed 33856K, reserved 1114112K
  class space    used 4423K, committed 4608K, reserved 1048576K
}
Event: 3.493 GC heap after
{Heap after GC invocations=8 (full 0):
 garbage-first heap   total 57344K, used 19144K [0x0000000085800000, 0x0000000100000000)
  region size 1024K, 3 young (3072K), 3 survivors (3072K)
 Metaspace       used 33424K, committed 33856K, reserved 1114112K
  class space    used 4423K, committed 4608K, reserved 1048576K
}
Event: 3.578 GC heap before
{Heap before GC invocations=8 (full 0):
 garbage-first heap   total 57344K, used 25288K [0x0000000085800000, 0x0000000100000000)
  region size 1024K, 10 young (10240K), 3 survivors (3072K)
 Metaspace       used 35558K, committed 35968K, reserved 1114112K
  class space    used 4819K, committed 5056K, reserved 1048576K
}
Event: 3.581 GC heap after
{Heap after GC invocations=9 (full 0):
 garbage-first heap   total 69632K, used 19698K [0x0000000085800000, 0x0000000100000000)
  region size 1024K, 3 young (3072K), 3 survivors (3072K)
 Metaspace       used 35558K, committed 35968K, reserved 1114112K
  class space    used 4819K, committed 5056K, reserved 1048576K
}
Event: 4.010 GC heap before
{Heap before GC invocations=10 (full 0):
 garbage-first heap   total 69632K, used 51442K [0x0000000085800000, 0x0000000100000000)
  region size 1024K, 34 young (34816K), 3 survivors (3072K)
 Metaspace       used 44211K, committed 44672K, reserved 1114112K
  class space    used 5997K, committed 6208K, reserved 1048576K
}
Event: 4.014 GC heap after
{Heap after GC invocations=11 (full 0):
 garbage-first heap   total 69632K, used 22559K [0x0000000085800000, 0x0000000100000000)
  region size 1024K, 5 young (5120K), 5 survivors (5120K)
 Metaspace       used 44211K, committed 44672K, reserved 1114112K
  class space    used 5997K, committed 6208K, reserved 1048576K
}
Event: 4.423 GC heap before
{Heap before GC invocations=11 (full 0):
 garbage-first heap   total 69632K, used 51231K [0x0000000085800000, 0x0000000100000000)
  region size 1024K, 34 young (34816K), 5 survivors (5120K)
 Metaspace       used 48410K, committed 48960K, reserved 1114112K
  class space    used 6584K, committed 6848K, reserved 1048576K
}
Event: 4.427 GC heap after
{Heap after GC invocations=12 (full 0):
 garbage-first heap   total 69632K, used 24158K [0x0000000085800000, 0x0000000100000000)
  region size 1024K, 2 young (2048K), 2 survivors (2048K)
 Metaspace       used 48410K, committed 48960K, reserved 1114112K
  class space    used 6584K, committed 6848K, reserved 1048576K
}
Event: 4.628 GC heap before
{Heap before GC invocations=12 (full 0):
 garbage-first heap   total 69632K, used 53854K [0x0000000085800000, 0x0000000100000000)
  region size 1024K, 31 young (31744K), 2 survivors (2048K)
 Metaspace       used 50330K, committed 50816K, reserved 1114112K
  class space    used 6870K, committed 7104K, reserved 1048576K
}
Event: 4.630 GC heap after
{Heap after GC invocations=13 (full 0):
 garbage-first heap   total 69632K, used 25344K [0x0000000085800000, 0x0000000100000000)
  region size 1024K, 4 young (4096K), 4 survivors (4096K)
 Metaspace       used 50330K, committed 50816K, reserved 1114112K
  class space    used 6870K, committed 7104K, reserved 1048576K
}
Event: 4.851 GC heap before
{Heap before GC invocations=13 (full 0):
 garbage-first heap   total 69632K, used 54016K [0x0000000085800000, 0x0000000100000000)
  region size 1024K, 32 young (32768K), 4 survivors (4096K)
 Metaspace       used 52135K, committed 52608K, reserved 1114112K
  class space    used 7116K, committed 7360K, reserved 1048576K
}
Event: 4.854 GC heap after
{Heap after GC invocations=14 (full 0):
 garbage-first heap   total 69632K, used 27542K [0x0000000085800000, 0x0000000100000000)
  region size 1024K, 4 young (4096K), 4 survivors (4096K)
 Metaspace       used 52135K, committed 52608K, reserved 1114112K
  class space    used 7116K, committed 7360K, reserved 1048576K
}
Event: 56.652 GC heap before
{Heap before GC invocations=14 (full 0):
 garbage-first heap   total 69632K, used 53142K [0x0000000085800000, 0x0000000100000000)
  region size 1024K, 30 young (30720K), 4 survivors (4096K)
 Metaspace       used 56980K, committed 57408K, reserved 1114112K
  class space    used 7700K, committed 7872K, reserved 1048576K
}
Event: 56.657 GC heap after
{Heap after GC invocations=15 (full 0):
 garbage-first heap   total 69632K, used 29195K [0x0000000085800000, 0x0000000100000000)
  region size 1024K, 4 young (4096K), 4 survivors (4096K)
 Metaspace       used 56980K, committed 57408K, reserved 1114112K
  class space    used 7700K, committed 7872K, reserved 1048576K
}
Event: 56.873 GC heap before
{Heap before GC invocations=15 (full 0):
 garbage-first heap   total 69632K, used 43531K [0x0000000085800000, 0x0000000100000000)
  region size 1024K, 20 young (20480K), 4 survivors (4096K)
 Metaspace       used 60239K, committed 60736K, reserved 1114112K
  class space    used 7956K, committed 8192K, reserved 1048576K
}
Event: 56.876 GC heap after
{Heap after GC invocations=16 (full 0):
 garbage-first heap   total 69632K, used 30753K [0x0000000085800000, 0x0000000100000000)
  region size 1024K, 2 young (2048K), 2 survivors (2048K)
 Metaspace       used 60239K, committed 60736K, reserved 1114112K
  class space    used 7956K, committed 8192K, reserved 1048576K
}
Event: 57.272 GC heap before
{Heap before GC invocations=17 (full 0):
 garbage-first heap   total 69632K, used 52257K [0x0000000085800000, 0x0000000100000000)
  region size 1024K, 24 young (24576K), 2 survivors (2048K)
 Metaspace       used 63911K, committed 64320K, reserved 1114112K
  class space    used 8309K, committed 8512K, reserved 1048576K
}
Event: 57.275 GC heap after
{Heap after GC invocations=18 (full 0):
 garbage-first heap   total 69632K, used 32652K [0x0000000085800000, 0x0000000100000000)
  region size 1024K, 3 young (3072K), 3 survivors (3072K)
 Metaspace       used 63911K, committed 64320K, reserved 1114112K
  class space    used 8309K, committed 8512K, reserved 1048576K
}
Event: 57.299 GC heap before
{Heap before GC invocations=18 (full 0):
 garbage-first heap   total 69632K, used 33676K [0x0000000085800000, 0x0000000100000000)
  region size 1024K, 4 young (4096K), 3 survivors (3072K)
 Metaspace       used 64078K, committed 64448K, reserved 1114112K
  class space    used 8330K, committed 8512K, reserved 1048576K
}
Event: 57.303 GC heap after
{Heap after GC invocations=19 (full 0):
 garbage-first heap   total 69632K, used 32821K [0x0000000085800000, 0x0000000100000000)
  region size 1024K, 1 young (1024K), 1 survivors (1024K)
 Metaspace       used 64078K, committed 64448K, reserved 1114112K
  class space    used 8330K, committed 8512K, reserved 1048576K
}

